#################################################################
# If you used AutoDock Vina in your work, please cite:          #
#                                                               #
# O. Trott, A. J. Olson,                                        #
# AutoDock Vina: improving the speed and accuracy of docking    #
# with a new scoring function, efficient optimization and       #
# multithreading, Journal of Computational Chemistry 31 (2010)  #
# 455-461                                                       #
#                                                               #
# DOI 10.1002/jcc.21334                                         #
#                                                               #
# Please see http://vina.scripps.edu for more information.      #
#################################################################

Reading input ... done.
Setting up the scoring function ... done.
Analyzing the binding site ... done.
Using random seed: 1
Performing search ... done.
Refining results ... done.

mode |   affinity | dist from best mode
     | (kcal/mol) | rmsd l.b.| rmsd u.b.
-----+------------+----------+----------
   1         -4.7      0.000      0.000
   2         -4.7      0.068      1.525
   3         -4.7      3.895      5.795
   4         -4.6      3.847      5.888
   5         -3.9      2.451      2.828
   6         -3.9      1.752      2.810
   7         -3.9      2.578      3.233
   8         -3.9      1.668      2.368
   9         -3.9      4.274      6.260
Writing output ... done.
