#################################################################
# If you used AutoDock Vina in your work, please cite:          #
#                                                               #
# O. Trott, A. J. Olson,                                        #
# AutoDock Vina: improving the speed and accuracy of docking    #
# with a new scoring function, efficient optimization and       #
# multithreading, Journal of Computational Chemistry 31 (2010)  #
# 455-461                                                       #
#                                                               #
# DOI 10.1002/jcc.21334                                         #
#                                                               #
# Please see http://vina.scripps.edu for more information.      #
#################################################################

Reading input ... done.
Setting up the scoring function ... done.
Analyzing the binding site ... done.
Using random seed: 1
Performing search ... done.
Refining results ... done.

mode |   affinity | dist from best mode
     | (kcal/mol) | rmsd l.b.| rmsd u.b.
-----+------------+----------+----------
   1         -7.2      0.000      0.000
   2         -7.1      0.963      1.114
   3         -7.0      1.331      2.742
   4         -6.9      2.157      3.193
   5         -6.9      1.437      3.031
   6         -6.7      3.082      8.885
   7         -6.6      1.124      1.704
   8         -6.6      2.343      7.517
   9         -6.5      2.825      4.038
Writing output ... done.
